<?xml version="1.0" encoding="UTF-8"?>
<!-- Generated by org.testng.reporters.JUnitReportReporter -->
<testsuite skipped="0" hostname="DevdasC" name="com.automation.ScreenRecorder.TestDemo" tests="1" failures="0" timestamp="27 Sep 2019 03:31:21 GMT" time="20.027" errors="0">
  <testcase name="navigationTest" time="20.027" classname="com.automation.ScreenRecorder.TestDemo"/>
</testsuite> <!-- com.automation.ScreenRecorder.TestDemo -->
